Arguments: 
  C:\Program Files\nodejs\node.exe C:\Users\ACS\AppData\Roaming\npm\node_modules\yarn\bin\yarn.js add -D typescreipt @types/node cross-env webpack-cli webpack-dev-server

PATH: 
  C:\Windows\system32;C:\Windows;C:\Windows\System32\Wbem;C:\Windows\System32\WindowsPowerShell\v1.0\;C:\Windows\System32\OpenSSH\;C:\Program Files\Git\cmd;C:\Program Files\nodejs\;C:\Program Files\PuTTY\;C:\Program Files\Microsoft VS Code Insiders\bin;C:\Program Files\Git LFS;C:\Users\ACS\AppData\Local\Microsoft\WindowsApps;;C:\Users\ACS\AppData\Local\Programs\Microsoft VS Code\bin;C:\Users\ACS\AppData\Roaming\npm;C:\Program Files (x86)\Brackets\

Yarn version: 
  1.22.19

Node version: 
  18.16.0

Platform: 
  win32 x64

Trace: 
  Error: https://registry.yarnpkg.com/typescreipt: Not found
      at params.callback [as _callback] (C:\Users\ACS\AppData\Roaming\npm\node_modules\yarn\lib\cli.js:66145:18)
      at self.callback (C:\Users\ACS\AppData\Roaming\npm\node_modules\yarn\lib\cli.js:140890:22)
      at Request.emit (node:events:513:28)
      at Request.<anonymous> (C:\Users\ACS\AppData\Roaming\npm\node_modules\yarn\lib\cli.js:141862:10)
      at Request.emit (node:events:513:28)
      at IncomingMessage.<anonymous> (C:\Users\ACS\AppData\Roaming\npm\node_modules\yarn\lib\cli.js:141784:12)
      at Object.onceWrapper (node:events:627:28)
      at IncomingMessage.emit (node:events:525:35)
      at endReadableNT (node:internal/streams/readable:1359:12)
      at process.processTicksAndRejections (node:internal/process/task_queues:82:21)

npm manifest: 
  {
    "name": "Bomberman",
    "version": "1.0.0",
    "main": "index.js",
    "repository": "https://github.com/TimCauss/Bomberman.git",
    "author": "TimCauss <t.caussignac@gmail.com>",
    "license": "MIT",
    "dependencies": {
      "phaser": "^3.60.0"
    }
  }

yarn manifest: 
  No manifest

Lockfile: 
  # THIS IS AN AUTOGENERATED FILE. DO NOT EDIT THIS FILE DIRECTLY.
  # yarn lockfile v1
  
  
  eventemitter3@^5.0.0:
    version "5.0.1"
    resolved "https://registry.yarnpkg.com/eventemitter3/-/eventemitter3-5.0.1.tgz#53f5ffd0a492ac800721bb42c66b841de96423c4"
    integrity sha512-GWkBvjiSZK87ELrYOSESUYeVIc9mvLLf/nXalMOS5dYrgZq9o5OVkbZAVM06CVxYsCwH9BDZFPlQTlPA1j4ahA==
  
  phaser@^3.60.0:
    version "3.60.0"
    resolved "https://registry.yarnpkg.com/phaser/-/phaser-3.60.0.tgz#8a555623e64c707482e6321485b4bda84604590d"
    integrity sha512-IKUy35EnoEVcl2EmJ8WOyK4X8OoxHYdlhZLgRGpNrvD1fEagYffhVmwHcapE/tGiLgyrnezmXIo5RrH2NcrTHw==
    dependencies:
      eventemitter3 "^5.0.0"
